<?xml version="1.0" encoding="UTF-8"?>
<!-- Generated by org.testng.reporters.JUnitXMLReporter -->
<testsuite hostname="ptua-wm0136.pt.playtech.corp" ignored="0" name="test" tests="1" failures="1" timestamp="15 May 2019 19:46:41 GMT" time="0.17" errors="0">
  <testcase name="main" time="0.134" classname="com.ChromeTest">
    <failure type="java.lang.IllegalStateException" message="The driver is not executable: /Users/rohu/IdeaProjects/demo/target/classes/chromedriver">
      <![CDATA[java.lang.IllegalStateException: The driver is not executable: /Users/rohu/IdeaProjects/demo/target/classes/chromedriver
	at com.google.common.base.Preconditions.checkState(Preconditions.java:585)
	at org.openqa.selenium.remote.service.DriverService.checkExecutable(DriverService.java:141)
	at org.openqa.selenium.remote.service.DriverService.findExecutable(DriverService.java:132)
	at org.openqa.selenium.chrome.ChromeDriverService.access$000(ChromeDriverService.java:35)
	at org.openqa.selenium.chrome.ChromeDriverService$Builder.findDefaultExecutable(ChromeDriverService.java:156)
	at org.openqa.selenium.remote.service.DriverService$Builder.build(DriverService.java:346)
	at org.openqa.selenium.chrome.ChromeDriverService.createDefaultService(ChromeDriverService.java:91)
	at org.openqa.selenium.chrome.ChromeDriver.<init>(ChromeDriver.java:123)
	at com.ChromeTest.main(ChromeTest.java:16)
... Removed 29 stack frames]]>
    </failure>
  </testcase> <!-- main -->
</testsuite> <!-- test -->
